\BOOKMARK [1][-]{section.1}{\376\377\000O\000p\000i\000s\000\040\000m\000o\000d\000e\000l\000o\000w\000a\000n\000e\000g\000o\000\040\000s\000y\000s\000t\000e\000m\000u}{}% 1
\BOOKMARK [1][-]{section.2}{\376\377\000S\000p\000i\000s\000\040\000k\000o\000m\000p\000o\000n\000e\000n\000t\000\363\000w}{}% 2
\BOOKMARK [2][-]{subsection.2.1}{\376\377\000K\000o\000m\000p\000o\000n\000e\000n\000t\000y\000\040\000t\000y\000p\000u\000\040\000d\000a\000t\000a}{section.2}% 3
\BOOKMARK [3][-]{subsubsection.2.1.1}{\376\377\000E\000l\000e\000v\000a\000t\000o\000r\000S\000t\000a\000t\000e}{subsection.2.1}% 4
\BOOKMARK [3][-]{subsubsection.2.1.2}{\376\377\000E\000l\000e\000v\000a\000t\000o\000r\000A\000c\000t\000i\000o\000n}{subsection.2.1}% 5
\BOOKMARK [3][-]{subsubsection.2.1.3}{\376\377\000F\000l\000o\000o\000r\000N\000u\000m\000b\000e\000r}{subsection.2.1}% 6
\BOOKMARK [3][-]{subsubsection.2.1.4}{\376\377\000B\000u\000t\000t\000o\000n\000T\000y\000p\000e}{subsection.2.1}% 7
\BOOKMARK [3][-]{subsubsection.2.1.5}{\376\377\000B\000u\000t\000t\000o\000n\000P\000r\000e\000s\000s}{subsection.2.1}% 8
\BOOKMARK [3][-]{subsubsection.2.1.6}{\376\377\000M\000o\000t\000o\000r\000C\000o\000m\000m\000a\000n\000d}{subsection.2.1}% 9
\BOOKMARK [3][-]{subsubsection.2.1.7}{\376\377\000D\000o\000o\000r\000C\000o\000m\000m\000a\000n\000d}{subsection.2.1}% 10
\BOOKMARK [3][-]{subsubsection.2.1.8}{\376\377\000D\000o\000o\000r\000S\000t\000a\000t\000e}{subsection.2.1}% 11
\BOOKMARK [2][-]{subsection.2.2}{\376\377\000K\000o\000m\000p\000o\000n\000e\000n\000t\000y\000\040\000t\000y\000p\000u\000\040\000t\000h\000r\000e\000a\000d}{section.2}% 12
\BOOKMARK [3][-]{subsubsection.2.2.1}{\376\377\000B\000u\000t\000t\000o\000n\000P\000a\000n\000e\000l\000T\000h\000r\000e\000a\000d}{subsection.2.2}% 13
\BOOKMARK [3][-]{subsubsection.2.2.2}{\376\377\000E\000l\000e\000v\000a\000t\000o\000r\000L\000o\000g\000i\000c\000T\000h\000r\000e\000a\000d}{subsection.2.2}% 14
\BOOKMARK [3][-]{subsubsection.2.2.3}{\376\377\000E\000l\000e\000v\000a\000t\000o\000r\000L\000o\000g\000i\000c\000T\000r\000a\000n\000s\000f\000o\000r\000m\000T\000h\000r\000e\000a\000d}{subsection.2.2}% 15
\BOOKMARK [3][-]{subsubsection.2.2.4}{\376\377\000M\000o\000t\000o\000r\000C\000o\000n\000t\000r\000o\000l\000T\000h\000r\000e\000a\000d}{subsection.2.2}% 16
\BOOKMARK [3][-]{subsubsection.2.2.5}{\376\377\000D\000i\000s\000p\000l\000a\000y\000T\000h\000r\000e\000a\000d}{subsection.2.2}% 17
\BOOKMARK [3][-]{subsubsection.2.2.6}{\376\377\000C\000a\000b\000i\000n\000C\000o\000n\000t\000r\000o\000l\000T\000h\000r\000e\000a\000d}{subsection.2.2}% 18
\BOOKMARK [2][-]{subsection.2.3}{\376\377\000K\000o\000m\000p\000o\000n\000e\000n\000t\000y\000\040\000t\000y\000p\000u\000\040\000p\000r\000o\000c\000e\000s\000s}{section.2}% 19
\BOOKMARK [3][-]{subsubsection.2.3.1}{\376\377\000B\000u\000t\000t\000o\000n\000P\000a\000n\000e\000l\000C\000o\000n\000t\000r\000o\000l\000l\000e\000r}{subsection.2.3}% 20
\BOOKMARK [3][-]{subsubsection.2.3.2}{\376\377\000E\000l\000e\000v\000a\000t\000o\000r\000L\000o\000g\000i\000c\000C\000o\000n\000t\000r\000o\000l\000l\000e\000r}{subsection.2.3}% 21
\BOOKMARK [3][-]{subsubsection.2.3.3}{\376\377\000D\000i\000s\000p\000l\000a\000y\000C\000o\000n\000t\000r\000o\000l\000l\000e\000r}{subsection.2.3}% 22
\BOOKMARK [3][-]{subsubsection.2.3.4}{\376\377\000C\000a\000b\000i\000n\000C\000o\000n\000t\000r\000o\000l\000l\000e\000r}{subsection.2.3}% 23
\BOOKMARK [3][-]{subsubsection.2.3.5}{\376\377\000M\000o\000t\000o\000r\000C\000o\000n\000t\000r\000o\000l\000l\000e\000r}{subsection.2.3}% 24
\BOOKMARK [2][-]{subsection.2.4}{\376\377\000K\000o\000m\000p\000o\000n\000e\000n\000t\000y\000\040\000t\000y\000p\000u\000\040\000b\000u\000s}{section.2}% 25
\BOOKMARK [3][-]{subsubsection.2.4.1}{\376\377\000C\000A\000N\000B\000u\000s}{subsection.2.4}% 26
\BOOKMARK [3][-]{subsubsection.2.4.2}{\376\377\000H\000W\000C\000o\000n\000n\000e\000c\000t\000i\000o\000n}{subsection.2.4}% 27
\BOOKMARK [2][-]{subsection.2.5}{\376\377\000K\000o\000m\000p\000o\000n\000e\000n\000t\000y\000\040\000t\000y\000p\000u\000\040\000m\000e\000m\000o\000r\000y}{section.2}% 28
\BOOKMARK [3][-]{subsubsection.2.5.1}{\376\377\000R\000A\000M}{subsection.2.5}% 29
\BOOKMARK [2][-]{subsection.2.6}{\376\377\000K\000o\000m\000p\000o\000n\000e\000n\000t\000y\000\040\000t\000y\000p\000u\000\040\000p\000r\000o\000c\000e\000s\000s\000o\000r}{section.2}% 30
\BOOKMARK [3][-]{subsubsection.2.6.1}{\376\377\000C\000P\000U}{subsection.2.6}% 31
\BOOKMARK [2][-]{subsection.2.7}{\376\377\000K\000o\000m\000p\000o\000n\000e\000n\000t\000y\000\040\000t\000y\000p\000u\000\040\000d\000e\000v\000i\000c\000e}{section.2}% 32
\BOOKMARK [3][-]{subsubsection.2.7.1}{\376\377\000B\000u\000t\000t\000o\000n\000P\000a\000n\000e\000l}{subsection.2.7}% 33
\BOOKMARK [3][-]{subsubsection.2.7.2}{\376\377\000C\000a\000b\000i\000n}{subsection.2.7}% 34
\BOOKMARK [3][-]{subsubsection.2.7.3}{\376\377\000M\000o\000t\000o\000r}{subsection.2.7}% 35
\BOOKMARK [3][-]{subsubsection.2.7.4}{\376\377\000D\000i\000s\000p\000l\000a\000y}{subsection.2.7}% 36
\BOOKMARK [3][-]{subsubsection.2.7.5}{\376\377\000E\000l\000e\000v\000a\000t\000o\000r\000C\000o\000n\000t\000r\000o\000l\000l\000e\000r}{subsection.2.7}% 37
\BOOKMARK [2][-]{subsection.2.8}{\376\377\000K\000o\000m\000p\000o\000n\000e\000n\000t\000y\000\040\000t\000y\000p\000u\000\040\000s\000y\000s\000t\000e\000m}{section.2}% 38
\BOOKMARK [3][-]{subsubsection.2.8.1}{\376\377\000E\000l\000e\000v\000a\000t\000o\000r\000S\000y\000s\000t\000e\000m}{subsection.2.8}% 39
\BOOKMARK [1][-]{section.3}{\376\377\000S\000c\000h\000e\000m\000a\000t\000\040\000s\000y\000s\000t\000e\000m\000u}{}% 40
\BOOKMARK [1][-]{section.4}{\376\377\000A\000n\000a\000l\000i\000z\000a\000\040\000s\000y\000s\000t\000e\000m\000u}{}% 41
\BOOKMARK [2][-]{subsection.4.1}{\376\377\000S\000t\000a\000t\000y\000s\000t\000y\000k\000i\000\040\000s\000y\000s\000t\000e\000m\000u}{section.4}% 42
\BOOKMARK [2][-]{subsection.4.2}{\376\377\000C\000a\001\102\000k\000o\000w\000i\000t\000a\000\040\000m\000a\000s\000a\000\040\000s\000y\000s\000t\000e\000m\000u}{section.4}% 43
